Info: Starting: Create block symbol file (.bsf)
Info: ip-generate --project-directory=C:/Users/lim14/coe4ds4_lab3_2020/coe4ds4_lab3_2020/experiment1b/ --output-directory=C:/Users/lim14/coe4ds4_lab3_2020/coe4ds4_lab3_2020/experiment1b/experiment1b/ --report-file=bsf:C:/Users/lim14/coe4ds4_lab3_2020/coe4ds4_lab3_2020/experiment1b/experiment1b.bsf --system-info=DEVICE_FAMILY="Cyclone II" --system-info=DEVICE=EP2C35F672C6 --system-info=DEVICE_SPEEDGRADE=6 --component-file=C:/Users/lim14/coe4ds4_lab3_2020/coe4ds4_lab3_2020/experiment1b/experiment1b.qsys
Progress: Loading experiment1b/experiment1b.qsys
Progress: Reading input file
Progress: Adding CLOCK_50_I [clock_source 12.0]
Progress: Parameterizing module CLOCK_50_I
Progress: Adding sram_0 [altera_up_avalon_sram 12.0]
Progress: Parameterizing module sram_0
Progress: Adding cpu_0 [altera_nios2_qsys 12.0]
Progress: Parameterizing module cpu_0
Progress: Adding jtag_uart_0 [altera_avalon_jtag_uart 12.0]
Progress: Parameterizing module jtag_uart_0
Progress: Adding SWITCH_I [altera_avalon_pio 12.0]
Progress: Parameterizing module SWITCH_I
Progress: Adding PUSH_BUTTON_I [altera_avalon_pio 12.0]
Progress: Parameterizing module PUSH_BUTTON_I
Progress: Adding LED_RED_O [altera_avalon_pio 12.0]
Progress: Parameterizing module LED_RED_O
Progress: Adding LED_GREEN_O [altera_avalon_pio 12.0]
Progress: Parameterizing module LED_GREEN_O
Progress: Adding custom_counter_component_0 [custom_counter_component 1.0]
Progress: Parameterizing module custom_counter_component_0
Progress: Building connections
Progress: Parameterizing connections
Progress: Validating
Progress: Done reading input file
Info: experiment1b.SWITCH_I: PIO inputs are not hardwired in test bench. Undefined values will be read from PIO inputs during simulation.
Info: experiment1b.PUSH_BUTTON_I: PIO inputs are not hardwired in test bench. Undefined values will be read from PIO inputs during simulation.
Warning: experiment1b.jtag_uart_0: jtag_uart_0.avalon_jtag_slave must be connected to an Avalon-MM master
Warning: experiment1b.SWITCH_I: SWITCH_I.s1 must be connected to an Avalon-MM master
Warning: experiment1b.PUSH_BUTTON_I: PUSH_BUTTON_I.s1 must be connected to an Avalon-MM master
Warning: experiment1b.LED_RED_O: LED_RED_O.s1 must be connected to an Avalon-MM master
Warning: experiment1b.LED_GREEN_O: LED_GREEN_O.s1 must be connected to an Avalon-MM master
Info: ip-generate succeeded.
Info: Finished: Create block symbol file (.bsf)
Info: 
Info: Starting: Create HDL design files for synthesis
Info: ip-generate --project-directory=C:/Users/lim14/coe4ds4_lab3_2020/coe4ds4_lab3_2020/experiment1b/ --output-directory=C:/Users/lim14/coe4ds4_lab3_2020/coe4ds4_lab3_2020/experiment1b/experiment1b/synthesis/ --file-set=QUARTUS_SYNTH --report-file=sopcinfo:C:/Users/lim14/coe4ds4_lab3_2020/coe4ds4_lab3_2020/experiment1b/experiment1b.sopcinfo --report-file=html:C:/Users/lim14/coe4ds4_lab3_2020/coe4ds4_lab3_2020/experiment1b/experiment1b.html --report-file=qip:C:/Users/lim14/coe4ds4_lab3_2020/coe4ds4_lab3_2020/experiment1b/experiment1b/synthesis/experiment1b.qip --system-info=DEVICE_FAMILY="Cyclone II" --system-info=DEVICE=EP2C35F672C6 --system-info=DEVICE_SPEEDGRADE=6 --component-file=C:/Users/lim14/coe4ds4_lab3_2020/coe4ds4_lab3_2020/experiment1b/experiment1b.qsys
Progress: Loading experiment1b/experiment1b.qsys
Progress: Reading input file
Progress: Adding CLOCK_50_I [clock_source 12.0]
Progress: Parameterizing module CLOCK_50_I
Progress: Adding sram_0 [altera_up_avalon_sram 12.0]
Progress: Parameterizing module sram_0
Progress: Adding cpu_0 [altera_nios2_qsys 12.0]
Progress: Parameterizing module cpu_0
Progress: Adding jtag_uart_0 [altera_avalon_jtag_uart 12.0]
Progress: Parameterizing module jtag_uart_0
Progress: Adding SWITCH_I [altera_avalon_pio 12.0]
Progress: Parameterizing module SWITCH_I
Progress: Adding PUSH_BUTTON_I [altera_avalon_pio 12.0]
Progress: Parameterizing module PUSH_BUTTON_I
Progress: Adding LED_RED_O [altera_avalon_pio 12.0]
Progress: Parameterizing module LED_RED_O
Progress: Adding LED_GREEN_O [altera_avalon_pio 12.0]
Progress: Parameterizing module LED_GREEN_O
Progress: Adding custom_counter_component_0 [custom_counter_component 1.0]
Progress: Parameterizing module custom_counter_component_0
Progress: Building connections
Progress: Parameterizing connections
Progress: Validating
Progress: Done reading input file
Info: experiment1b.SWITCH_I: PIO inputs are not hardwired in test bench. Undefined values will be read from PIO inputs during simulation.
Info: experiment1b.PUSH_BUTTON_I: PIO inputs are not hardwired in test bench. Undefined values will be read from PIO inputs during simulation.
Warning: experiment1b.jtag_uart_0: jtag_uart_0.avalon_jtag_slave must be connected to an Avalon-MM master
Warning: experiment1b.SWITCH_I: SWITCH_I.s1 must be connected to an Avalon-MM master
Warning: experiment1b.PUSH_BUTTON_I: PUSH_BUTTON_I.s1 must be connected to an Avalon-MM master
Warning: experiment1b.LED_RED_O: LED_RED_O.s1 must be connected to an Avalon-MM master
Warning: experiment1b.LED_GREEN_O: LED_GREEN_O.s1 must be connected to an Avalon-MM master
Info: experiment1b: Generating experiment1b "experiment1b" for QUARTUS_SYNTH
Info: pipeline_bridge_swap_transform: After transform: 9 modules, 32 connections
Info: No custom instruction connections, skipping transform 
Info: merlin_translator_transform: After transform: 14 modules, 52 connections
Info: merlin_domain_transform: After transform: 23 modules, 110 connections
Info: merlin_router_transform: After transform: 28 modules, 130 connections
Info: merlin_burst_transform: After transform: 29 modules, 134 connections
Info: reset_adaptation_transform: After transform: 30 modules, 105 connections
Info: merlin_network_to_switch_transform: After transform: 39 modules, 125 connections
Info: merlin_width_transform: After transform: 41 modules, 131 connections
Info: merlin_interrupt_mapper_transform: After transform: 42 modules, 134 connections
Info: sram_0: Starting Generation of SRAM or SSRAM Controller
Info: sram_0: "experiment1b" instantiated altera_up_avalon_sram "sram_0"
Info: cpu_0: Starting RTL generation for module 'experiment1b_cpu_0'
Info: cpu_0:   Generation command is [exec C:/altera/12.0/quartus/../ip/altera/nios2_ip/altera_nios2/eperl.exe -I C:/altera/12.0/quartus/common/ip/altera/common/perl/5.8.3 -I C:/altera/12.0/quartus/sopc_builder/bin/europa -I C:/altera/12.0/quartus/sopc_builder/bin/perl_lib -I C:/altera/12.0/quartus/sopc_builder/bin -I C:/altera/12.0/quartus/../ip/altera/nios2_ip/altera_nios2/cpu_lib -I C:/altera/12.0/quartus/../ip/altera/nios2_ip/altera_nios2/nios_lib -I C:/altera/12.0/quartus/../ip/altera/nios2_ip/altera_nios2 -I C:/altera/12.0/quartus/../ip/altera/nios2_ip/altera_nios2 -- C:/altera/12.0/quartus/../ip/altera/nios2_ip/altera_nios2/generate_rtl.epl --name=experiment1b_cpu_0 --dir=C:/Users/lim14/AppData/Local/Temp/alt8291_7351615265688958938.dir/0003_cpu_0_gen/ --quartus_dir=C:/altera/12.0/quartus --verilog --config=C:/Users/lim14/AppData/Local/Temp/alt8291_7351615265688958938.dir/0003_cpu_0_gen//experiment1b_cpu_0_processor_configuration.pl  --do_build_sim=0    --bogus  ]
Info: cpu_0: # 2020.01.30 13:31:13 (*) Starting Nios II generation
Info: cpu_0: # 2020.01.30 13:31:13 (*)   No license required to generate encrypted Nios II/e.
Info: cpu_0: # 2020.01.30 13:31:13 (*)   Elaborating CPU configuration settings
Info: cpu_0: # 2020.01.30 13:31:13 (*)   Creating all objects for CPU
Info: cpu_0: # 2020.01.30 13:31:14 (*)   Generating RTL from CPU objects
Info: cpu_0: # 2020.01.30 13:31:14 (*)   Creating plain-text RTL
Info: cpu_0: # 2020.01.30 13:31:14 (*) Done Nios II generation
Info: cpu_0: Done RTL generation for module 'experiment1b_cpu_0'
Info: cpu_0: "experiment1b" instantiated altera_nios2_qsys "cpu_0"
Info: Starting classic module elaboration.
Qt: Untested Windows version 6.2 detected!
"c:/altera/12.0/quartus/bin/jre/bin/java.exe" -Xmx512M -classpath "c:/altera/12.0/quartus/sopc_builder/bin/sopc_builder.jar;c:/altera/12.0/quartus/sopc_builder/bin/PinAssigner.jar;c:/altera/12.0/quartus/sopc_builder/bin/sopc_wizard.jar;c:/altera/12.0/quartus/sopc_builder/bin/jptf.jar" sopc_builder.sopc_builder  -d"c:/altera/12.0/quartus/sopc_builder" -notalkback=1 -projectnameyysystem.qpf -projectpathC:/Users/lim14/AppData/Local/Temp/alt8291_7351615265688958938.dir/0004_sopclgen  --no_splash --refresh C:/Users/lim14/AppData/Local/Temp/alt8291_7351615265688958938.dir/0004_sopclgen/yysystem.v --quartus_dir="c:/altera/12.0/quartus" --sopc_perl="c:/altera/12.0/quartus/bin/perl" --sopc_lib_path="++c:/altera/12.0/quartus/../ip/altera/sopc_builder_ip+c:/altera/12.0/quartus/../ip/altera/nios2_ip"
Info: Finished elaborating classic module.
Executing: C:/altera/12.0/quartus//sopc_builder/bin/sopc_builder --classic --generate C:/Users/lim14/AppData/Local/Temp/alt8291_7351615265688958938.dir/0004_sopclgen/yysystem.ptf
Info: Running sopc_builder...
Qt: Untested Windows version 6.2 detected!
"c:/altera/12.0/quartus/bin/jre/bin/java.exe" -Xmx512M -classpath "c:/altera/12.0/quartus/sopc_builder/bin/sopc_builder.jar;c:/altera/12.0/quartus/sopc_builder/bin/PinAssigner.jar;c:/altera/12.0/quartus/sopc_builder/bin/sopc_wizard.jar;c:/altera/12.0/quartus/sopc_builder/bin/jptf.jar" sopc_builder.sopc_builder  -d"c:/altera/12.0/quartus/sopc_builder" -notalkback=1 -projectnameyysystem.qpf -projectpathC:/Users/lim14/AppData/Local/Temp/alt8291_7351615265688958938.dir/0004_sopclgen  --generate C:/Users/lim14/AppData/Local/Temp/alt8291_7351615265688958938.dir/0004_sopclgen/yysystem.v --quartus_dir="c:/altera/12.0/quartus" --sopc_perl="c:/altera/12.0/quartus/bin/perl" --sopc_lib_path="++c:/altera/12.0/quartus/../ip/altera/sopc_builder_ip+c:/altera/12.0/quartus/../ip/altera/nios2_ip"
No .sopc_builder configuration file(!)
.
# 2020.01.30 13:31:19 (*) Success: sopc_builder finished.
Info: jtag_uart_0: "experiment1b" instantiated altera_avalon_jtag_uart "jtag_uart_0"
Info: Starting classic module elaboration.
Qt: Untested Windows version 6.2 detected!
"c:/altera/12.0/quartus/bin/jre/bin/java.exe" -Xmx512M -classpath "c:/altera/12.0/quartus/sopc_builder/bin/sopc_builder.jar;c:/altera/12.0/quartus/sopc_builder/bin/PinAssigner.jar;c:/altera/12.0/quartus/sopc_builder/bin/sopc_wizard.jar;c:/altera/12.0/quartus/sopc_builder/bin/jptf.jar" sopc_builder.sopc_builder  -d"c:/altera/12.0/quartus/sopc_builder" -notalkback=1 -projectnameyysystem.qpf -projectpathC:/Users/lim14/AppData/Local/Temp/alt8291_7351615265688958938.dir/0005_sopclgen  --no_splash --refresh C:/Users/lim14/AppData/Local/Temp/alt8291_7351615265688958938.dir/0005_sopclgen/yysystem.v --quartus_dir="c:/altera/12.0/quartus" --sopc_perl="c:/altera/12.0/quartus/bin/perl" --sopc_lib_path="++c:/altera/12.0/quartus/../ip/altera/sopc_builder_ip+c:/altera/12.0/quartus/../ip/altera/nios2_ip"
Info: Finished elaborating classic module.
Executing: C:/altera/12.0/quartus//sopc_builder/bin/sopc_builder --classic --generate C:/Users/lim14/AppData/Local/Temp/alt8291_7351615265688958938.dir/0005_sopclgen/yysystem.ptf
Info: Running sopc_builder...
Qt: Untested Windows version 6.2 detected!
"c:/altera/12.0/quartus/bin/jre/bin/java.exe" -Xmx512M -classpath "c:/altera/12.0/quartus/sopc_builder/bin/sopc_builder.jar;c:/altera/12.0/quartus/sopc_builder/bin/PinAssigner.jar;c:/altera/12.0/quartus/sopc_builder/bin/sopc_wizard.jar;c:/altera/12.0/quartus/sopc_builder/bin/jptf.jar" sopc_builder.sopc_builder  -d"c:/altera/12.0/quartus/sopc_builder" -notalkback=1 -projectnameyysystem.qpf -projectpathC:/Users/lim14/AppData/Local/Temp/alt8291_7351615265688958938.dir/0005_sopclgen  --generate C:/Users/lim14/AppData/Local/Temp/alt8291_7351615265688958938.dir/0005_sopclgen/yysystem.v --quartus_dir="c:/altera/12.0/quartus" --sopc_perl="c:/altera/12.0/quartus/bin/perl" --sopc_lib_path="++c:/altera/12.0/quartus/../ip/altera/sopc_builder_ip+c:/altera/12.0/quartus/../ip/altera/nios2_ip"
No .sopc_builder configuration file(!)
.
# 2020.01.30 13:31:23 (*) Success: sopc_builder finished.
Info: SWITCH_I: "experiment1b" instantiated altera_avalon_pio "SWITCH_I"
Info: Starting classic module elaboration.
Qt: Untested Windows version 6.2 detected!
"c:/altera/12.0/quartus/bin/jre/bin/java.exe" -Xmx512M -classpath "c:/altera/12.0/quartus/sopc_builder/bin/sopc_builder.jar;c:/altera/12.0/quartus/sopc_builder/bin/PinAssigner.jar;c:/altera/12.0/quartus/sopc_builder/bin/sopc_wizard.jar;c:/altera/12.0/quartus/sopc_builder/bin/jptf.jar" sopc_builder.sopc_builder  -d"c:/altera/12.0/quartus/sopc_builder" -notalkback=1 -projectnameyysystem.qpf -projectpathC:/Users/lim14/AppData/Local/Temp/alt8291_7351615265688958938.dir/0006_sopclgen  --no_splash --refresh C:/Users/lim14/AppData/Local/Temp/alt8291_7351615265688958938.dir/0006_sopclgen/yysystem.v --quartus_dir="c:/altera/12.0/quartus" --sopc_perl="c:/altera/12.0/quartus/bin/perl" --sopc_lib_path="++c:/altera/12.0/quartus/../ip/altera/sopc_builder_ip+c:/altera/12.0/quartus/../ip/altera/nios2_ip"
Info: Finished elaborating classic module.
Executing: C:/altera/12.0/quartus//sopc_builder/bin/sopc_builder --classic --generate C:/Users/lim14/AppData/Local/Temp/alt8291_7351615265688958938.dir/0006_sopclgen/yysystem.ptf
Info: Running sopc_builder...
Qt: Untested Windows version 6.2 detected!
"c:/altera/12.0/quartus/bin/jre/bin/java.exe" -Xmx512M -classpath "c:/altera/12.0/quartus/sopc_builder/bin/sopc_builder.jar;c:/altera/12.0/quartus/sopc_builder/bin/PinAssigner.jar;c:/altera/12.0/quartus/sopc_builder/bin/sopc_wizard.jar;c:/altera/12.0/quartus/sopc_builder/bin/jptf.jar" sopc_builder.sopc_builder  -d"c:/altera/12.0/quartus/sopc_builder" -notalkback=1 -projectnameyysystem.qpf -projectpathC:/Users/lim14/AppData/Local/Temp/alt8291_7351615265688958938.dir/0006_sopclgen  --generate C:/Users/lim14/AppData/Local/Temp/alt8291_7351615265688958938.dir/0006_sopclgen/yysystem.v --quartus_dir="c:/altera/12.0/quartus" --sopc_perl="c:/altera/12.0/quartus/bin/perl" --sopc_lib_path="++c:/altera/12.0/quartus/../ip/altera/sopc_builder_ip+c:/altera/12.0/quartus/../ip/altera/nios2_ip"
No .sopc_builder configuration file(!)
.
# 2020.01.30 13:31:28 (*) Success: sopc_builder finished.
Info: PUSH_BUTTON_I: "experiment1b" instantiated altera_avalon_pio "PUSH_BUTTON_I"
Info: Starting classic module elaboration.
Qt: Untested Windows version 6.2 detected!
"c:/altera/12.0/quartus/bin/jre/bin/java.exe" -Xmx512M -classpath "c:/altera/12.0/quartus/sopc_builder/bin/sopc_builder.jar;c:/altera/12.0/quartus/sopc_builder/bin/PinAssigner.jar;c:/altera/12.0/quartus/sopc_builder/bin/sopc_wizard.jar;c:/altera/12.0/quartus/sopc_builder/bin/jptf.jar" sopc_builder.sopc_builder  -d"c:/altera/12.0/quartus/sopc_builder" -notalkback=1 -projectnameyysystem.qpf -projectpathC:/Users/lim14/AppData/Local/Temp/alt8291_7351615265688958938.dir/0007_sopclgen  --no_splash --refresh C:/Users/lim14/AppData/Local/Temp/alt8291_7351615265688958938.dir/0007_sopclgen/yysystem.v --quartus_dir="c:/altera/12.0/quartus" --sopc_perl="c:/altera/12.0/quartus/bin/perl" --sopc_lib_path="++c:/altera/12.0/quartus/../ip/altera/sopc_builder_ip+c:/altera/12.0/quartus/../ip/altera/nios2_ip"
Info: Finished elaborating classic module.
Executing: C:/altera/12.0/quartus//sopc_builder/bin/sopc_builder --classic --generate C:/Users/lim14/AppData/Local/Temp/alt8291_7351615265688958938.dir/0007_sopclgen/yysystem.ptf
Info: Running sopc_builder...
Qt: Untested Windows version 6.2 detected!
"c:/altera/12.0/quartus/bin/jre/bin/java.exe" -Xmx512M -classpath "c:/altera/12.0/quartus/sopc_builder/bin/sopc_builder.jar;c:/altera/12.0/quartus/sopc_builder/bin/PinAssigner.jar;c:/altera/12.0/quartus/sopc_builder/bin/sopc_wizard.jar;c:/altera/12.0/quartus/sopc_builder/bin/jptf.jar" sopc_builder.sopc_builder  -d"c:/altera/12.0/quartus/sopc_builder" -notalkback=1 -projectnameyysystem.qpf -projectpathC:/Users/lim14/AppData/Local/Temp/alt8291_7351615265688958938.dir/0007_sopclgen  --generate C:/Users/lim14/AppData/Local/Temp/alt8291_7351615265688958938.dir/0007_sopclgen/yysystem.v --quartus_dir="c:/altera/12.0/quartus" --sopc_perl="c:/altera/12.0/quartus/bin/perl" --sopc_lib_path="++c:/altera/12.0/quartus/../ip/altera/sopc_builder_ip+c:/altera/12.0/quartus/../ip/altera/nios2_ip"
No .sopc_builder configuration file(!)
.
# 2020.01.30 13:31:32 (*) Success: sopc_builder finished.
Info: LED_RED_O: "experiment1b" instantiated altera_avalon_pio "LED_RED_O"
Info: Starting classic module elaboration.
Qt: Untested Windows version 6.2 detected!
"c:/altera/12.0/quartus/bin/jre/bin/java.exe" -Xmx512M -classpath "c:/altera/12.0/quartus/sopc_builder/bin/sopc_builder.jar;c:/altera/12.0/quartus/sopc_builder/bin/PinAssigner.jar;c:/altera/12.0/quartus/sopc_builder/bin/sopc_wizard.jar;c:/altera/12.0/quartus/sopc_builder/bin/jptf.jar" sopc_builder.sopc_builder  -d"c:/altera/12.0/quartus/sopc_builder" -notalkback=1 -projectnameyysystem.qpf -projectpathC:/Users/lim14/AppData/Local/Temp/alt8291_7351615265688958938.dir/0008_sopclgen  --no_splash --refresh C:/Users/lim14/AppData/Local/Temp/alt8291_7351615265688958938.dir/0008_sopclgen/yysystem.v --quartus_dir="c:/altera/12.0/quartus" --sopc_perl="c:/altera/12.0/quartus/bin/perl" --sopc_lib_path="++c:/altera/12.0/quartus/../ip/altera/sopc_builder_ip+c:/altera/12.0/quartus/../ip/altera/nios2_ip"
Info: Finished elaborating classic module.
Executing: C:/altera/12.0/quartus//sopc_builder/bin/sopc_builder --classic --generate C:/Users/lim14/AppData/Local/Temp/alt8291_7351615265688958938.dir/0008_sopclgen/yysystem.ptf
Info: Running sopc_builder...
Qt: Untested Windows version 6.2 detected!
"c:/altera/12.0/quartus/bin/jre/bin/java.exe" -Xmx512M -classpath "c:/altera/12.0/quartus/sopc_builder/bin/sopc_builder.jar;c:/altera/12.0/quartus/sopc_builder/bin/PinAssigner.jar;c:/altera/12.0/quartus/sopc_builder/bin/sopc_wizard.jar;c:/altera/12.0/quartus/sopc_builder/bin/jptf.jar" sopc_builder.sopc_builder  -d"c:/altera/12.0/quartus/sopc_builder" -notalkback=1 -projectnameyysystem.qpf -projectpathC:/Users/lim14/AppData/Local/Temp/alt8291_7351615265688958938.dir/0008_sopclgen  --generate C:/Users/lim14/AppData/Local/Temp/alt8291_7351615265688958938.dir/0008_sopclgen/yysystem.v --quartus_dir="c:/altera/12.0/quartus" --sopc_perl="c:/altera/12.0/quartus/bin/perl" --sopc_lib_path="++c:/altera/12.0/quartus/../ip/altera/sopc_builder_ip+c:/altera/12.0/quartus/../ip/altera/nios2_ip"
No .sopc_builder configuration file(!)
.
# 2020.01.30 13:31:37 (*) Success: sopc_builder finished.
Info: LED_GREEN_O: "experiment1b" instantiated altera_avalon_pio "LED_GREEN_O"
Info: custom_counter_component_0: "experiment1b" instantiated custom_counter_component "custom_counter_component_0"
Info: cpu_0_instruction_master_translator: "experiment1b" instantiated altera_merlin_master_translator "cpu_0_instruction_master_translator"
Info: cpu_0_jtag_debug_module_translator: "experiment1b" instantiated altera_merlin_slave_translator "cpu_0_jtag_debug_module_translator"
Info: cpu_0_instruction_master_translator_avalon_universal_master_0_agent: "experiment1b" instantiated altera_merlin_master_agent "cpu_0_instruction_master_translator_avalon_universal_master_0_agent"
Info: cpu_0_jtag_debug_module_translator_avalon_universal_slave_0_agent: "experiment1b" instantiated altera_merlin_slave_agent "cpu_0_jtag_debug_module_translator_avalon_universal_slave_0_agent"
Info: cpu_0_jtag_debug_module_translator_avalon_universal_slave_0_agent_rsp_fifo: "experiment1b" instantiated altera_avalon_sc_fifo "cpu_0_jtag_debug_module_translator_avalon_universal_slave_0_agent_rsp_fifo"
Info: addr_router: "experiment1b" instantiated altera_merlin_router "addr_router"
Info: addr_router_001: "experiment1b" instantiated altera_merlin_router "addr_router_001"
Info: id_router: "experiment1b" instantiated altera_merlin_router "id_router"
Info: id_router_001: "experiment1b" instantiated altera_merlin_router "id_router_001"
Info: id_router_002: "experiment1b" instantiated altera_merlin_router "id_router_002"
Info: burst_adapter: "experiment1b" instantiated altera_merlin_burst_adapter "burst_adapter"
Info: rst_controller: "experiment1b" instantiated altera_reset_controller "rst_controller"
Info: cmd_xbar_demux: "experiment1b" instantiated altera_merlin_demultiplexer "cmd_xbar_demux"
Info: cmd_xbar_demux_001: "experiment1b" instantiated altera_merlin_demultiplexer "cmd_xbar_demux_001"
Info: cmd_xbar_mux: "experiment1b" instantiated altera_merlin_multiplexer "cmd_xbar_mux"
Info: rsp_xbar_demux_002: "experiment1b" instantiated altera_merlin_demultiplexer "rsp_xbar_demux_002"
Info: rsp_xbar_mux: "experiment1b" instantiated altera_merlin_multiplexer "rsp_xbar_mux"
Info: Reusing file C:/Users/lim14/coe4ds4_lab3_2020/coe4ds4_lab3_2020/experiment1b/experiment1b/synthesis/submodules/altera_merlin_arbitrator.sv
Info: rsp_xbar_mux_001: "experiment1b" instantiated altera_merlin_multiplexer "rsp_xbar_mux_001"
Info: Reusing file C:/Users/lim14/coe4ds4_lab3_2020/coe4ds4_lab3_2020/experiment1b/experiment1b/synthesis/submodules/altera_merlin_arbitrator.sv
Info: width_adapter: "experiment1b" instantiated altera_merlin_width_adapter "width_adapter"
Info: Reusing file C:/Users/lim14/coe4ds4_lab3_2020/coe4ds4_lab3_2020/experiment1b/experiment1b/synthesis/submodules/altera_merlin_burst_uncompressor.sv
Info: irq_mapper: "experiment1b" instantiated altera_irq_mapper "irq_mapper"
Info: experiment1b: Done experiment1b" with 29 modules, 62 files, 1089566 bytes
Info: ip-generate succeeded.
Info: Finished: Create HDL design files for synthesis
